<?xml version="1.0" encoding="UTF-8"?>
<!-- Generated by org.testng.reporters.JUnitReportReporter -->
<testsuite hostname="LAPTOP-BCHU3DJA" failures="0" tests="1" name="tests.testRegisterPage" time="12.617" errors="0" timestamp="2025-02-01T12:45:02 IST" skipped="0">
  <testcase classname="tests.testRegisterPage" name="TC_001_RegisterPage" time="12.617"/>
</testsuite> <!-- tests.testRegisterPage -->
