<?xml version="1.0" encoding="UTF-8"?>
<!-- Generated by org.testng.reporters.JUnitReportReporter -->
<testsuite hostname="LAPTOP-BCHU3DJA" failures="0" tests="1" name="tests.ValidateRegisterPage" time="53.179" errors="0" timestamp="2025-01-24T15:35:40 IST" skipped="0">
  <testcase classname="tests.ValidateRegisterPage" name="validateRegisterPage" time="53.179"/>
</testsuite> <!-- tests.ValidateRegisterPage -->
