<?xml version="1.0" encoding="UTF-8"?>
<!-- Generated by org.testng.reporters.JUnitReportReporter -->
<testsuite hostname="LAPTOP-BCHU3DJA" failures="0" tests="1" name="tests.testHomePage" time="21.880" errors="0" timestamp="2025-02-01T12:45:02 IST" skipped="0">
  <testcase classname="tests.testHomePage" name="TC_003_Insurance_HomePage" time="21.880"/>
</testsuite> <!-- tests.testHomePage -->
